<?xml version="1.0" encoding="UTF-8"?>
<!-- Generated by org.testng.reporters.JUnitXMLReporter -->
<testsuite hostname="Majdi-MacBook-Pro.local" ignored="0" name="Default test" tests="2" failures="0" timestamp="2020-08-31T22:35:01 EEST" time="8.807" errors="0">
  <testcase name="verify_api_response_for_existing_capital" time="8.277" classname="com.iqvia.practicalAssessment.spec.CapitalApi"/>
  <testcase name="verify_api_response_schema_for_non_existing_capital" time="0.501" classname="com.iqvia.practicalAssessment.spec.CapitalApi"/>
</testsuite> <!-- Default test -->
